This is pdfTeX, Version 3.14159265-2.6-1.40.16 (MiKTeX 2.9 64-bit) (preloaded format=pdflatex 2016.4.7)  7 APR 2016 18:36
entering extended mode
**lyapunov11.tex
(lyapunov11.tex
LaTeX2e <2015/01/01>
Babel <3.9l> and hyphenation patterns for 69 languages loaded.
(D:\Appli\MiKTeX\tex\latex\base\article.cls
Document Class: article 2014/09/29 v1.4h Standard LaTeX document class
(D:\Appli\MiKTeX\tex\latex\base\size10.clo
File: size10.clo 2014/09/29 v1.4h Standard LaTeX file (size option)
)
\c@part=\count79
\c@section=\count80
\c@subsection=\count81
\c@subsubsection=\count82
\c@paragraph=\count83
\c@subparagraph=\count84
\c@figure=\count85
\c@table=\count86
\abovecaptionskip=\skip41
\belowcaptionskip=\skip42
\bibindent=\dimen102
)
(D:\Appli\MiKTeX\tex\latex\fancyhdr\fancyhdr.sty
\fancy@headwidth=\skip43
\f@ncyO@elh=\skip44
\f@ncyO@erh=\skip45
\f@ncyO@olh=\skip46
\f@ncyO@orh=\skip47
\f@ncyO@elf=\skip48
\f@ncyO@erf=\skip49
\f@ncyO@olf=\skip50
\f@ncyO@orf=\skip51
)
(D:\Appli\MiKTeX\tex\latex\fancyhdr\extramarks.sty
\@temptokenb=\toks14
)
(D:\Appli\MiKTeX\tex\latex\amsmath\amsmath.sty
Package: amsmath 2013/01/14 v2.14 AMS math features
\@mathmargin=\skip52

For additional information on amsmath, use the `?' option.
(D:\Appli\MiKTeX\tex\latex\amsmath\amstext.sty
Package: amstext 2000/06/29 v2.01

(D:\Appli\MiKTeX\tex\latex\amsmath\amsgen.sty
File: amsgen.sty 1999/11/30 v2.0
\@emptytoks=\toks15
\ex@=\dimen103
))
(D:\Appli\MiKTeX\tex\latex\amsmath\amsbsy.sty
Package: amsbsy 1999/11/29 v1.2d
\pmbraise@=\dimen104
)
(D:\Appli\MiKTeX\tex\latex\amsmath\amsopn.sty
Package: amsopn 1999/12/14 v2.01 operator names
)
\inf@bad=\count87
LaTeX Info: Redefining \frac on input line 210.
\uproot@=\count88
\leftroot@=\count89
LaTeX Info: Redefining \overline on input line 306.
\classnum@=\count90
\DOTSCASE@=\count91
LaTeX Info: Redefining \ldots on input line 378.
LaTeX Info: Redefining \dots on input line 381.
LaTeX Info: Redefining \cdots on input line 466.
\Mathstrutbox@=\box26
\strutbox@=\box27
\big@size=\dimen105
LaTeX Font Info:    Redeclaring font encoding OML on input line 566.
LaTeX Font Info:    Redeclaring font encoding OMS on input line 567.
\macc@depth=\count92
\c@MaxMatrixCols=\count93
\dotsspace@=\muskip10
\c@parentequation=\count94
\dspbrk@lvl=\count95
\tag@help=\toks16
\row@=\count96
\column@=\count97
\maxfields@=\count98
\andhelp@=\toks17
\eqnshift@=\dimen106
\alignsep@=\dimen107
\tagshift@=\dimen108
\tagwidth@=\dimen109
\totwidth@=\dimen110
\lineht@=\dimen111
\@envbody=\toks18
\multlinegap=\skip53
\multlinetaggap=\skip54
\mathdisplay@stack=\toks19
LaTeX Info: Redefining \[ on input line 2665.
LaTeX Info: Redefining \] on input line 2666.
)
(D:\Appli\MiKTeX\tex\latex\amscls\amsthm.sty
Package: amsthm 2015/03/04 v2.20.2
\thm@style=\toks20
\thm@bodyfont=\toks21
\thm@headfont=\toks22
\thm@notefont=\toks23
\thm@headpunct=\toks24
\thm@preskip=\skip55
\thm@postskip=\skip56
\thm@headsep=\skip57
\dth@everypar=\toks25
)
(D:\Appli\MiKTeX\tex\latex\amsfonts\amsfonts.sty
Package: amsfonts 2013/01/14 v3.01 Basic AMSFonts support
\symAMSa=\mathgroup4
\symAMSb=\mathgroup5
LaTeX Font Info:    Overwriting math alphabet `\mathfrak' in version `bold'
(Font)                  U/euf/m/n --> U/euf/b/n on input line 106.
)
(D:\Appli\MiKTeX\tex\latex\pgf\frontendlayer\tikz.sty
(D:\Appli\MiKTeX\tex\latex\pgf\basiclayer\pgf.sty
(D:\Appli\MiKTeX\tex\latex\pgf\utilities\pgfrcs.sty
(D:\Appli\MiKTeX\tex\generic\pgf\utilities\pgfutil-common.tex
\pgfutil@everybye=\toks26
\pgfutil@tempdima=\dimen112
\pgfutil@tempdimb=\dimen113

(D:\Appli\MiKTeX\tex\generic\pgf\utilities\pgfutil-common-lists.tex))
(D:\Appli\MiKTeX\tex\generic\pgf\utilities\pgfutil-latex.def
\pgfutil@abb=\box28

(D:\Appli\MiKTeX\tex\latex\ms\everyshi.sty
Package: everyshi 2001/05/15 v3.00 EveryShipout Package (MS)
))
(D:\Appli\MiKTeX\tex\generic\pgf\utilities\pgfrcs.code.tex
Package: pgfrcs 2013/12/20 v3.0.0 (rcs-revision 1.28)
))
Package: pgf 2013/12/18 v3.0.0 (rcs-revision 1.14)

(D:\Appli\MiKTeX\tex\latex\pgf\basiclayer\pgfcore.sty
(D:\Appli\MiKTeX\tex\latex\graphics\graphicx.sty
Package: graphicx 2014/10/28 v1.0g Enhanced LaTeX Graphics (DPC,SPQR)

(D:\Appli\MiKTeX\tex\latex\graphics\keyval.sty
Package: keyval 2014/10/28 v1.15 key=value parser (DPC)
\KV@toks@=\toks27
)
(D:\Appli\MiKTeX\tex\latex\graphics\graphics.sty
Package: graphics 2014/10/28 v1.0p Standard LaTeX Graphics (DPC,SPQR)

(D:\Appli\MiKTeX\tex\latex\graphics\trig.sty
Package: trig 1999/03/16 v1.09 sin cos tan (DPC)
)
(D:\Appli\MiKTeX\tex\latex\00miktex\graphics.cfg
File: graphics.cfg 2007/01/18 v1.5 graphics configuration of teTeX/TeXLive
)
Package graphics Info: Driver file: pdftex.def on input line 94.

(D:\Appli\MiKTeX\tex\latex\pdftex-def\pdftex.def
File: pdftex.def 2011/05/27 v0.06d Graphics/color for pdfTeX

(D:\Appli\MiKTeX\tex\generic\oberdiek\infwarerr.sty
Package: infwarerr 2010/04/08 v1.3 Providing info/warning/error messages (HO)
)
(D:\Appli\MiKTeX\tex\generic\oberdiek\ltxcmds.sty
Package: ltxcmds 2011/11/09 v1.22 LaTeX kernel commands for general use (HO)
)
\Gread@gobject=\count99
))
\Gin@req@height=\dimen114
\Gin@req@width=\dimen115
)
(D:\Appli\MiKTeX\tex\latex\pgf\systemlayer\pgfsys.sty
(D:\Appli\MiKTeX\tex\generic\pgf\systemlayer\pgfsys.code.tex
Package: pgfsys 2013/11/30 v3.0.0 (rcs-revision 1.47)

(D:\Appli\MiKTeX\tex\generic\pgf\utilities\pgfkeys.code.tex
\pgfkeys@pathtoks=\toks28
\pgfkeys@temptoks=\toks29

(D:\Appli\MiKTeX\tex\generic\pgf\utilities\pgfkeysfiltered.code.tex
\pgfkeys@tmptoks=\toks30
))
\pgf@x=\dimen116
\pgf@y=\dimen117
\pgf@xa=\dimen118
\pgf@ya=\dimen119
\pgf@xb=\dimen120
\pgf@yb=\dimen121
\pgf@xc=\dimen122
\pgf@yc=\dimen123
\w@pgf@writea=\write3
\r@pgf@reada=\read1
\c@pgf@counta=\count100
\c@pgf@countb=\count101
\c@pgf@countc=\count102
\c@pgf@countd=\count103
\t@pgf@toka=\toks31
\t@pgf@tokb=\toks32
\t@pgf@tokc=\toks33

(D:\Appli\MiKTeX\tex\generic\pgf\systemlayer\pgf.cfg
File: pgf.cfg 2008/05/14  (rcs-revision 1.7)
)
Driver file for pgf: pgfsys-pdftex.def

(D:\Appli\MiKTeX\tex\generic\pgf\systemlayer\pgfsys-pdftex.def
File: pgfsys-pdftex.def 2013/07/18  (rcs-revision 1.33)

(D:\Appli\MiKTeX\tex\generic\pgf\systemlayer\pgfsys-common-pdf.def
File: pgfsys-common-pdf.def 2013/10/10  (rcs-revision 1.13)
)))
(D:\Appli\MiKTeX\tex\generic\pgf\systemlayer\pgfsyssoftpath.code.tex
File: pgfsyssoftpath.code.tex 2013/09/09  (rcs-revision 1.9)
\pgfsyssoftpath@smallbuffer@items=\count104
\pgfsyssoftpath@bigbuffer@items=\count105
)
(D:\Appli\MiKTeX\tex\generic\pgf\systemlayer\pgfsysprotocol.code.tex
File: pgfsysprotocol.code.tex 2006/10/16  (rcs-revision 1.4)
))
(D:\Appli\MiKTeX\tex\latex\xcolor\xcolor.sty
Package: xcolor 2007/01/21 v2.11 LaTeX color extensions (UK)

(D:\Appli\MiKTeX\tex\latex\00miktex\color.cfg
File: color.cfg 2007/01/18 v1.5 color configuration of teTeX/TeXLive
)
Package xcolor Info: Driver file: pdftex.def on input line 225.
Package xcolor Info: Model `cmy' substituted by `cmy0' on input line 1337.
Package xcolor Info: Model `hsb' substituted by `rgb' on input line 1341.
Package xcolor Info: Model `RGB' extended on input line 1353.
Package xcolor Info: Model `HTML' substituted by `rgb' on input line 1355.
Package xcolor Info: Model `Hsb' substituted by `hsb' on input line 1356.
Package xcolor Info: Model `tHsb' substituted by `hsb' on input line 1357.
Package xcolor Info: Model `HSB' substituted by `hsb' on input line 1358.
Package xcolor Info: Model `Gray' substituted by `gray' on input line 1359.
Package xcolor Info: Model `wave' substituted by `hsb' on input line 1360.
)
(D:\Appli\MiKTeX\tex\generic\pgf\basiclayer\pgfcore.code.tex
Package: pgfcore 2010/04/11 v3.0.0 (rcs-revision 1.7)

(D:\Appli\MiKTeX\tex\generic\pgf\math\pgfmath.code.tex
(D:\Appli\MiKTeX\tex\generic\pgf\math\pgfmathcalc.code.tex
(D:\Appli\MiKTeX\tex\generic\pgf\math\pgfmathutil.code.tex)
(D:\Appli\MiKTeX\tex\generic\pgf\math\pgfmathparser.code.tex
\pgfmath@dimen=\dimen124
\pgfmath@count=\count106
\pgfmath@box=\box29
\pgfmath@toks=\toks34
\pgfmath@stack@operand=\toks35
\pgfmath@stack@operation=\toks36
)
(D:\Appli\MiKTeX\tex\generic\pgf\math\pgfmathfunctions.code.tex
(D:\Appli\MiKTeX\tex\generic\pgf\math\pgfmathfunctions.basic.code.tex)
(D:\Appli\MiKTeX\tex\generic\pgf\math\pgfmathfunctions.trigonometric.code.tex)
(D:\Appli\MiKTeX\tex\generic\pgf\math\pgfmathfunctions.random.code.tex)
(D:\Appli\MiKTeX\tex\generic\pgf\math\pgfmathfunctions.comparison.code.tex)
(D:\Appli\MiKTeX\tex\generic\pgf\math\pgfmathfunctions.base.code.tex)
(D:\Appli\MiKTeX\tex\generic\pgf\math\pgfmathfunctions.round.code.tex)
(D:\Appli\MiKTeX\tex\generic\pgf\math\pgfmathfunctions.misc.code.tex)
(D:\Appli\MiKTeX\tex\generic\pgf\math\pgfmathfunctions.integerarithmetics.code.
tex))) (D:\Appli\MiKTeX\tex\generic\pgf\math\pgfmathfloat.code.tex
\c@pgfmathroundto@lastzeros=\count107
))
(D:\Appli\MiKTeX\tex\generic\pgf\basiclayer\pgfcorepoints.code.tex
File: pgfcorepoints.code.tex 2013/10/07  (rcs-revision 1.27)
\pgf@picminx=\dimen125
\pgf@picmaxx=\dimen126
\pgf@picminy=\dimen127
\pgf@picmaxy=\dimen128
\pgf@pathminx=\dimen129
\pgf@pathmaxx=\dimen130
\pgf@pathminy=\dimen131
\pgf@pathmaxy=\dimen132
\pgf@xx=\dimen133
\pgf@xy=\dimen134
\pgf@yx=\dimen135
\pgf@yy=\dimen136
\pgf@zx=\dimen137
\pgf@zy=\dimen138
)
(D:\Appli\MiKTeX\tex\generic\pgf\basiclayer\pgfcorepathconstruct.code.tex
File: pgfcorepathconstruct.code.tex 2013/10/07  (rcs-revision 1.29)
\pgf@path@lastx=\dimen139
\pgf@path@lasty=\dimen140
)
(D:\Appli\MiKTeX\tex\generic\pgf\basiclayer\pgfcorepathusage.code.tex
File: pgfcorepathusage.code.tex 2013/12/13  (rcs-revision 1.23)
\pgf@shorten@end@additional=\dimen141
\pgf@shorten@start@additional=\dimen142
)
(D:\Appli\MiKTeX\tex\generic\pgf\basiclayer\pgfcorescopes.code.tex
File: pgfcorescopes.code.tex 2013/10/09  (rcs-revision 1.44)
\pgfpic=\box30
\pgf@hbox=\box31
\pgf@layerbox@main=\box32
\pgf@picture@serial@count=\count108
)
(D:\Appli\MiKTeX\tex\generic\pgf\basiclayer\pgfcoregraphicstate.code.tex
File: pgfcoregraphicstate.code.tex 2013/09/19  (rcs-revision 1.11)
\pgflinewidth=\dimen143
)
(D:\Appli\MiKTeX\tex\generic\pgf\basiclayer\pgfcoretransformations.code.tex
File: pgfcoretransformations.code.tex 2013/10/10  (rcs-revision 1.17)
\pgf@pt@x=\dimen144
\pgf@pt@y=\dimen145
\pgf@pt@temp=\dimen146
)
(D:\Appli\MiKTeX\tex\generic\pgf\basiclayer\pgfcorequick.code.tex
File: pgfcorequick.code.tex 2008/10/09  (rcs-revision 1.3)
)
(D:\Appli\MiKTeX\tex\generic\pgf\basiclayer\pgfcoreobjects.code.tex
File: pgfcoreobjects.code.tex 2006/10/11  (rcs-revision 1.2)
)
(D:\Appli\MiKTeX\tex\generic\pgf\basiclayer\pgfcorepathprocessing.code.tex
File: pgfcorepathprocessing.code.tex 2013/09/09  (rcs-revision 1.9)
)
(D:\Appli\MiKTeX\tex\generic\pgf\basiclayer\pgfcorearrows.code.tex
File: pgfcorearrows.code.tex 2013/11/07  (rcs-revision 1.40)
\pgfarrowsep=\dimen147
)
(D:\Appli\MiKTeX\tex\generic\pgf\basiclayer\pgfcoreshade.code.tex
File: pgfcoreshade.code.tex 2013/07/15  (rcs-revision 1.15)
\pgf@max=\dimen148
\pgf@sys@shading@range@num=\count109
)
(D:\Appli\MiKTeX\tex\generic\pgf\basiclayer\pgfcoreimage.code.tex
File: pgfcoreimage.code.tex 2013/07/15  (rcs-revision 1.18)

(D:\Appli\MiKTeX\tex\generic\pgf\basiclayer\pgfcoreexternal.code.tex
File: pgfcoreexternal.code.tex 2013/07/15  (rcs-revision 1.20)
\pgfexternal@startupbox=\box33
))
(D:\Appli\MiKTeX\tex\generic\pgf\basiclayer\pgfcorelayers.code.tex
File: pgfcorelayers.code.tex 2013/07/18  (rcs-revision 1.7)
)
(D:\Appli\MiKTeX\tex\generic\pgf\basiclayer\pgfcoretransparency.code.tex
File: pgfcoretransparency.code.tex 2013/09/30  (rcs-revision 1.5)
)
(D:\Appli\MiKTeX\tex\generic\pgf\basiclayer\pgfcorepatterns.code.tex
File: pgfcorepatterns.code.tex 2013/11/07  (rcs-revision 1.5)
)))
(D:\Appli\MiKTeX\tex\generic\pgf\modules\pgfmoduleshapes.code.tex
File: pgfmoduleshapes.code.tex 2013/10/31  (rcs-revision 1.34)
\pgfnodeparttextbox=\box34
)
(D:\Appli\MiKTeX\tex\generic\pgf\modules\pgfmoduleplot.code.tex
File: pgfmoduleplot.code.tex 2013/07/31  (rcs-revision 1.12)
)
(D:\Appli\MiKTeX\tex\latex\pgf\compatibility\pgfcomp-version-0-65.sty
Package: pgfcomp-version-0-65 2007/07/03 v3.0.0 (rcs-revision 1.7)
\pgf@nodesepstart=\dimen149
\pgf@nodesepend=\dimen150
)
(D:\Appli\MiKTeX\tex\latex\pgf\compatibility\pgfcomp-version-1-18.sty
Package: pgfcomp-version-1-18 2007/07/23 v3.0.0 (rcs-revision 1.1)
))
(D:\Appli\MiKTeX\tex\latex\pgf\utilities\pgffor.sty
(D:\Appli\MiKTeX\tex\latex\pgf\utilities\pgfkeys.sty
(D:\Appli\MiKTeX\tex\generic\pgf\utilities\pgfkeys.code.tex))
(D:\Appli\MiKTeX\tex\latex\pgf\math\pgfmath.sty
(D:\Appli\MiKTeX\tex\generic\pgf\math\pgfmath.code.tex))
(D:\Appli\MiKTeX\tex\generic\pgf\utilities\pgffor.code.tex
Package: pgffor 2013/12/13 v3.0.0 (rcs-revision 1.25)

(D:\Appli\MiKTeX\tex\generic\pgf\math\pgfmath.code.tex)
\pgffor@iter=\dimen151
\pgffor@skip=\dimen152
\pgffor@stack=\toks37
\pgffor@toks=\toks38
))
(D:\Appli\MiKTeX\tex\generic\pgf\frontendlayer\tikz\tikz.code.tex
Package: tikz 2013/12/13 v3.0.0 (rcs-revision 1.142)

(D:\Appli\MiKTeX\tex\generic\pgf\libraries\pgflibraryplothandlers.code.tex
File: pgflibraryplothandlers.code.tex 2013/08/31 v3.0.0 (rcs-revision 1.20)
\pgf@plot@mark@count=\count110
\pgfplotmarksize=\dimen153
)
\tikz@lastx=\dimen154
\tikz@lasty=\dimen155
\tikz@lastxsaved=\dimen156
\tikz@lastysaved=\dimen157
\tikzleveldistance=\dimen158
\tikzsiblingdistance=\dimen159
\tikz@figbox=\box35
\tikz@figbox@bg=\box36
\tikz@tempbox=\box37
\tikz@tempbox@bg=\box38
\tikztreelevel=\count111
\tikznumberofchildren=\count112
\tikznumberofcurrentchild=\count113
\tikz@fig@count=\count114

(D:\Appli\MiKTeX\tex\generic\pgf\modules\pgfmodulematrix.code.tex
File: pgfmodulematrix.code.tex 2013/09/17  (rcs-revision 1.8)
\pgfmatrixcurrentrow=\count115
\pgfmatrixcurrentcolumn=\count116
\pgf@matrix@numberofcolumns=\count117
)
\tikz@expandcount=\count118

(D:\Appli\MiKTeX\tex\generic\pgf\frontendlayer\tikz\libraries\tikzlibrarytopath
s.code.tex
File: tikzlibrarytopaths.code.tex 2008/06/17 v3.0.0 (rcs-revision 1.2)
))) (D:\Appli\MiKTeX\tex\latex\algorithms\algorithm.sty
Package: algorithm 2009/08/24 v0.1 Document Style `algorithm' - floating enviro
nment

(D:\Appli\MiKTeX\tex\latex\float\float.sty
Package: float 2001/11/08 v1.3d Float enhancements (AL)
\c@float@type=\count119
\float@exts=\toks39
\float@box=\box39
\@float@everytoks=\toks40
\@floatcapt=\box40
)
(D:\Appli\MiKTeX\tex\latex\base\ifthen.sty
Package: ifthen 2014/09/29 v1.1c Standard LaTeX ifthen package (DPC)
)
\@float@every@algorithm=\toks41
\c@algorithm=\count120
)
(D:\Appli\MiKTeX\tex\generic\pgf\frontendlayer\tikz\libraries\tikzlibraryautoma
ta.code.tex
File: tikzlibraryautomata.code.tex 2008/07/14 v3.0.0 (rcs-revision 1.3)

(D:\Appli\MiKTeX\tex\generic\pgf\frontendlayer\tikz\libraries\tikzlibraryshapes
.multipart.code.tex
File: tikzlibraryshapes.multipart.code.tex 2008/01/09 v3.0.0 (rcs-revision 1.1)


(D:\Appli\MiKTeX\tex\generic\pgf\libraries\shapes\pgflibraryshapes.multipart.co
de.tex
File: pgflibraryshapes.multipart.code.tex 2010/01/07 v3.0.0 (rcs-revision 1.2)
\pgfnodepartlowerbox=\box41
\pgfnodeparttwobox=\box42
\pgfnodepartthreebox=\box43
\pgfnodepartfourbox=\box44
\pgfnodeparttwentybox=\box45
\pgfnodepartnineteenbox=\box46
\pgfnodeparteighteenbox=\box47
\pgfnodepartseventeenbox=\box48
\pgfnodepartsixteenbox=\box49
\pgfnodepartfifteenbox=\box50
\pgfnodepartfourteenbox=\box51
\pgfnodepartthirteenbox=\box52
\pgfnodeparttwelvebox=\box53
\pgfnodepartelevenbox=\box54
\pgfnodeparttenbox=\box55
\pgfnodepartninebox=\box56
\pgfnodeparteightbox=\box57
\pgfnodepartsevenbox=\box58
\pgfnodepartsixbox=\box59
\pgfnodepartfivebox=\box60
)))
(D:\Appli\MiKTeX\tex\generic\pgf\frontendlayer\tikz\libraries\tikzlibrarypositi
oning.code.tex
File: tikzlibrarypositioning.code.tex 2008/10/06 v3.0.0 (rcs-revision 1.7)
) (D:\Appli\MiKTeX\tex\latex\titling\titling.sty
Package: titling 2009/09/04 v2.1d maketitle typesetting
\thanksmarkwidth=\skip58
\thanksmargin=\skip59
\droptitle=\skip60
)
(D:\Appli\MiKTeX\tex\latex\chngcntr\chngcntr.sty
Package: chngcntr 2009/09/02 v1.0a change counter resetting
)
(D:\Appli\MiKTeX\tex\latex\sectsty\sectsty.sty
Package: sectsty 2002/02/25 v2.0.2 Commands to change all sectional heading sty
les
)
(D:\Appli\MiKTeX\tex\latex\multirow\multirow.sty
\bigstrutjot=\dimen160
)
(D:\Appli\MiKTeX\tex\latex\booktabs\booktabs.sty
Package: booktabs 2005/04/14 v1.61803 publication quality tables
\heavyrulewidth=\dimen161
\lightrulewidth=\dimen162
\cmidrulewidth=\dimen163
\belowrulesep=\dimen164
\belowbottomsep=\dimen165
\aboverulesep=\dimen166
\abovetopsep=\dimen167
\cmidrulesep=\dimen168
\cmidrulekern=\dimen169
\defaultaddspace=\dimen170
\@cmidla=\count121
\@cmidlb=\count122
\@aboverulesep=\dimen171
\@belowrulesep=\dimen172
\@thisruleclass=\count123
\@lastruleclass=\count124
\@thisrulewidth=\dimen173
)
(D:\Appli\MiKTeX\tex\latex\arydshln\arydshln.sty
Package: arydshln 2004/08/31 v1.71 
\dashlinedash=\dimen174
\dashlinegap=\dimen175
\adl@box=\box61
\adl@height=\dimen176
\adl@heightsave=\dimen177
\adl@depth=\dimen178
\adl@depthsave=\dimen179
\adl@finaldepth=\dimen180
\adl@columns=\count125
\adl@ncol=\count126
\adl@currentcolumn=\count127
\adl@currentcolumnsave=\count128
\adl@totalheight=\count129
\adl@totalheightsave=\count130
\adl@dash=\count131
\adl@gap=\count132
\adl@cla=\count133
\adl@clb=\count134
\adl@everyvbox=\toks42
\adl@LTpagetotal=\dimen181
)
(D:\Appli\MiKTeX\tex\latex\caption\caption.sty
Package: caption 2013/05/02 v3.3-89 Customizing captions (AR)

(D:\Appli\MiKTeX\tex\latex\caption\caption3.sty
Package: caption3 2013/05/02 v1.6-88 caption3 kernel (AR)
Package caption3 Info: TeX engine: e-TeX on input line 57.
\captionmargin=\dimen182
\captionmargin@=\dimen183
\captionwidth=\dimen184
\caption@tempdima=\dimen185
\caption@indent=\dimen186
\caption@parindent=\dimen187
\caption@hangindent=\dimen188
)
\c@ContinuedFloat=\count135
Package caption Info: float package is loaded.
)
(D:\Appli\MiKTeX\tex\latex\listings\listings.sty
\lst@mode=\count136
\lst@gtempboxa=\box62
\lst@token=\toks43
\lst@length=\count137
\lst@currlwidth=\dimen189
\lst@column=\count138
\lst@pos=\count139
\lst@lostspace=\dimen190
\lst@width=\dimen191
\lst@newlines=\count140
\lst@lineno=\count141
\lst@maxwidth=\dimen192

(D:\Appli\MiKTeX\tex\latex\listings\lstmisc.sty
File: lstmisc.sty 2015/06/04 1.6 (Carsten Heinz)
\c@lstnumber=\count142
\lst@skipnumbers=\count143
\lst@framebox=\box63
)
(D:\Appli\MiKTeX\tex\latex\listings\listings.cfg
File: listings.cfg 2015/06/04 1.6 listings configuration
))
Package: listings 2015/06/04 1.6 (Carsten Heinz)
 (lyapunov11.aux)
LaTeX Font Info:    Checking defaults for OML/cmm/m/it on input line 85.
LaTeX Font Info:    ... okay on input line 85.
LaTeX Font Info:    Checking defaults for T1/cmr/m/n on input line 85.
LaTeX Font Info:    ... okay on input line 85.
LaTeX Font Info:    Checking defaults for OT1/cmr/m/n on input line 85.
LaTeX Font Info:    ... okay on input line 85.
LaTeX Font Info:    Checking defaults for OMS/cmsy/m/n on input line 85.
LaTeX Font Info:    ... okay on input line 85.
LaTeX Font Info:    Checking defaults for OMX/cmex/m/n on input line 85.
LaTeX Font Info:    ... okay on input line 85.
LaTeX Font Info:    Checking defaults for U/cmr/m/n on input line 85.
LaTeX Font Info:    ... okay on input line 85.

ABD: EveryShipout initializing macros
(D:\Appli\MiKTeX\tex\context\base\supp-pdf.mkii
[Loading MPS to PDF converter (version 2006.09.02).]
\scratchcounter=\count144
\scratchdimen=\dimen193
\scratchbox=\box64
\nofMPsegments=\count145
\nofMParguments=\count146
\everyMPshowfont=\toks44
\MPscratchCnt=\count147
\MPscratchDim=\dimen194
\MPnumerator=\count148
\makeMPintoPDFobject=\count149
\everyMPtoPDFconversion=\toks45
)
Package caption Info: Begin \AtBeginDocument code.
Package caption Info: listings package is loaded.
Package caption Info: End \AtBeginDocument code.
\c@lstlisting=\count150

Underfull \hbox (badness 10000) in paragraph at lines 89--94

 []


Underfull \hbox (badness 10000) in paragraph at lines 89--94

 []


Underfull \hbox (badness 10000) in paragraph at lines 89--94

 []


LaTeX Font Warning: Font shape `OT1/cmr/bx/n' in size <15> not available
(Font)              size <14.4> substituted on input line 99.

LaTeX Font Info:    Try loading font information for U+msa on input line 100.
(D:\Appli\MiKTeX\tex\latex\amsfonts\umsa.fd
File: umsa.fd 2013/01/14 v3.01 AMS symbols A
)
LaTeX Font Info:    Try loading font information for U+msb on input line 100.

(D:\Appli\MiKTeX\tex\latex\amsfonts\umsb.fd
File: umsb.fd 2013/01/14 v3.01 AMS symbols B
)
<Figures/figure1.png, id=4, 963.6pt x 542.025pt>
File: Figures/figure1.png Graphic file (type png)
 <use Figures/figure1.png>
Package pdftex.def Info: Figures/figure1.png used on input line 104.
(pdftex.def)             Requested size: 375.80542pt x 211.38889pt.

Underfull \hbox (badness 10000) in paragraph at lines 114--115

 []


Underfull \hbox (badness 10000) in paragraph at lines 119--121

 []

[1



{C:/ProgramData/MiKTeX/2.9/pdftex/config/pdftex.map} <./Figures/figure1.png>]
Underfull \hbox (badness 10000) in paragraph at lines 166--168

 []


Underfull \hbox (badness 10000) in paragraph at lines 179--183

 []


Underfull \hbox (badness 10000) in paragraph at lines 185--187

 []

[2]
Underfull \hbox (badness 10000) in paragraph at lines 211--213

 []

<Figures/figure2.png, id=22, 1239.12938pt x 639.13782pt>
File: Figures/figure2.png Graphic file (type png)

<use Figures/figure2.png>
Package pdftex.def Info: Figures/figure2.png used on input line 227.
(pdftex.def)             Requested size: 375.80542pt x 193.82985pt.
 [3]
Underfull \hbox (badness 10000) in paragraph at lines 231--232

 []

LaTeX Font Info:    Try loading font information for OMS+cmr on input line 234.

(D:\Appli\MiKTeX\tex\latex\base\omscmr.fd
File: omscmr.fd 2014/09/29 v2.5h Standard LaTeX font definitions
)
LaTeX Font Info:    Font shape `OMS/cmr/m/n' in size <10> not available
(Font)              Font shape `OMS/cmsy/m/n' tried instead on input line 234.

<Figures/figure3.png, id=28, 1239.12938pt x 639.13782pt>
File: Figures/figure3.png Graphic file (type png)

<use Figures/figure3.png>
Package pdftex.def Info: Figures/figure3.png used on input line 241.
(pdftex.def)             Requested size: 375.80542pt x 193.82985pt.
 [4 <./Figures/figure2.png>]
<Figures/figure4.png, id=33, 918.43124pt x 371.88937pt>
File: Figures/figure4.png Graphic file (type png)

<use Figures/figure4.png>
Package pdftex.def Info: Figures/figure4.png used on input line 248.
(pdftex.def)             Requested size: 375.80542pt x 152.16919pt.

<Figures/figure5.png, id=34, 1239.12938pt x 639.13782pt>
File: Figures/figure5.png Graphic file (type png)

<use Figures/figure5.png>
Package pdftex.def Info: Figures/figure5.png used on input line 255.
(pdftex.def)             Requested size: 375.80542pt x 193.82985pt.
 [5 <./Figures/figure3.png> <./Figures/figure4.png> <./Figures/figure5.png>]
<Figures/figure6.png, id=38, 1028.34187pt x 490.08093pt>
File: Figures/figure6.png Graphic file (type png)

<use Figures/figure6.png>
Package pdftex.def Info: Figures/figure6.png used on input line 269.
(pdftex.def)             Requested size: 375.80542pt x 179.09865pt.

<Figures/figure7.png, id=39, 1028.34187pt x 490.08093pt>
File: Figures/figure7.png Graphic file (type png)

<use Figures/figure7.png>
Package pdftex.def Info: Figures/figure7.png used on input line 276.
(pdftex.def)             Requested size: 375.80542pt x 179.09865pt.
 <Figures/figure8.png, id=40, 1204.5pt x 489.32813pt>
File: Figures/figure8.png Graphic file (type png)

<use Figures/figure8.png>
Package pdftex.def Info: Figures/figure8.png used on input line 283.
(pdftex.def)             Requested size: 375.80542pt x 152.66826pt.
 [6 <./Figures/figure6.png (PNG copy)> <./Figures/figure7.png (PNG copy)>] <Fig
ures/figure9.png, id=45, 1264.725pt x 703.12688pt>
File: Figures/figure9.png Graphic file (type png)

<use Figures/figure9.png>
Package pdftex.def Info: Figures/figure9.png used on input line 290.
(pdftex.def)             Requested size: 375.80542pt x 208.92267pt.

<Figures/figure10.png, id=46, 1204.5pt x 489.32813pt>
File: Figures/figure10.png Graphic file (type png)

<use Figures/figure10.png>
Package pdftex.def Info: Figures/figure10.png used on input line 301.
(pdftex.def)             Requested size: 375.80542pt x 152.66826pt.
 [7 <./Figures/figure8.png (PNG copy)> <./Figures/figure9.png (PNG copy)>] <Fig
ures/figure11.png, id=51, 1264.725pt x 703.12688pt>
File: Figures/figure11.png Graphic file (type png)

<use Figures/figure11.png>
Package pdftex.def Info: Figures/figure11.png used on input line 308.
(pdftex.def)             Requested size: 375.80542pt x 208.92267pt.

<Figures/figure12.png, id=52, 1204.5pt x 489.32813pt>
File: Figures/figure12.png Graphic file (type png)

<use Figures/figure12.png>
Package pdftex.def Info: Figures/figure12.png used on input line 317.
(pdftex.def)             Requested size: 375.80542pt x 152.66826pt.
 [8 <./Figures/figure10.png (PNG copy)> <./Figures/figure11.png (PNG copy)>] <F
igures/figure14.png, id=57, 1204.5pt x 489.32813pt>
File: Figures/figure14.png Graphic file (type png)

<use Figures/figure14.png>
Package pdftex.def Info: Figures/figure14.png used on input line 327.
(pdftex.def)             Requested size: 375.80542pt x 152.66826pt.

<Figures/figure15.png, id=58, 1028.34187pt x 490.08093pt>
File: Figures/figure15.png Graphic file (type png)

<use Figures/figure15.png>
Package pdftex.def Info: Figures/figure15.png used on input line 333.
(pdftex.def)             Requested size: 375.80542pt x 179.09865pt.
 [9 <./Figures/figure12.png (PNG copy)> <./Figures/figure14.png (PNG copy)>] <F
igures/figure16.png, id=62, 1204.5pt x 489.32813pt>
File: Figures/figure16.png Graphic file (type png)

<use Figures/figure16.png>
Package pdftex.def Info: Figures/figure16.png used on input line 341.
(pdftex.def)             Requested size: 375.80542pt x 152.66826pt.
 [10 <./Figures/figure15.png (PNG copy)> <./Figures/figure16.png (PNG copy)>] (
lyapunov11.aux)

LaTeX Font Warning: Size substitutions with differences
(Font)              up to 0.6pt have occurred.

 ) 
Here is how much of TeX's memory you used:
 15300 strings out of 493671
 297699 string characters out of 3148755
 364211 words of memory out of 3000000
 18357 multiletter control sequences out of 15000+200000
 7644 words of font info for 30 fonts, out of 3000000 for 9000
 1025 hyphenation exceptions out of 8191
 55i,12n,66p,582b,391s stack positions out of 5000i,500n,10000p,200000b,50000s
<D:/Appli/MiKTeX/fonts/type1/public/amsfonts/cm/cmbx10.pfb><D:/Appli/MiKTeX/f
onts/type1/public/amsfonts/cm/cmbx12.pfb><D:/Appli/MiKTeX/fonts/type1/public/am
sfonts/cm/cmbx7.pfb><D:/Appli/MiKTeX/fonts/type1/public/amsfonts/cm/cmex10.pfb>
<D:/Appli/MiKTeX/fonts/type1/public/amsfonts/cm/cmmi10.pfb><D:/Appli/MiKTeX/fon
ts/type1/public/amsfonts/cm/cmmi5.pfb><D:/Appli/MiKTeX/fonts/type1/public/amsfo
nts/cm/cmmi7.pfb><D:/Appli/MiKTeX/fonts/type1/public/amsfonts/cm/cmr10.pfb><D:/
Appli/MiKTeX/fonts/type1/public/amsfonts/cm/cmr5.pfb><D:/Appli/MiKTeX/fonts/typ
e1/public/amsfonts/cm/cmr7.pfb><D:/Appli/MiKTeX/fonts/type1/public/amsfonts/cm/
cmsy10.pfb><D:/Appli/MiKTeX/fonts/type1/public/amsfonts/cm/cmsy7.pfb><D:/Appli/
MiKTeX/fonts/type1/public/amsfonts/cm/cmtt10.pfb>
Output written on lyapunov11.pdf (10 pages, 828342 bytes).
PDF statistics:
 107 PDF objects out of 1000 (max. 8388607)
 0 named destinations out of 1000 (max. 500000)
 88 words of extra memory for PDF output out of 10000 (max. 10000000)

